<?xml version="1.0" encoding="UTF-8"?>
<testng-results ignored="0" total="1" passed="1" failed="0" skipped="0">
  <reporter-output>
  </reporter-output>
  <suite started-at="2024-03-28T08:03:33 IST" name="Default suite" finished-at="2024-03-28T08:03:43 IST" duration-ms="10194">
    <groups>
    </groups>
    <test started-at="2024-03-28T08:03:33 IST" name="Default test" finished-at="2024-03-28T08:03:43 IST" duration-ms="10194">
      <class name="test_package.fill_the_form_test">
        <test-method is-config="true" signature="setup()[pri:0, instance:test_package.fill_the_form_test@1d9b7cce]" started-at="2024-03-28T08:03:33 IST" name="setup" finished-at="2024-03-28T08:03:38 IST" duration-ms="5373" status="PASS">
          <reporter-output>
          </reporter-output>
        </test-method> <!-- setup -->
        <test-method signature="Test1()[pri:0, instance:test_package.fill_the_form_test@1d9b7cce]" started-at="2024-03-28T08:03:38 IST" name="Test1" finished-at="2024-03-28T08:03:42 IST" duration-ms="4406" status="PASS">
          <reporter-output>
          </reporter-output>
        </test-method> <!-- Test1 -->
        <test-method is-config="true" signature="close()[pri:0, instance:test_package.fill_the_form_test@1d9b7cce]" started-at="2024-03-28T08:03:42 IST" name="close" finished-at="2024-03-28T08:03:43 IST" duration-ms="388" status="PASS">
          <reporter-output>
          </reporter-output>
        </test-method> <!-- close -->
      </class> <!-- test_package.fill_the_form_test -->
    </test> <!-- Default test -->
  </suite> <!-- Default suite -->
</testng-results>
